2018-10-07 21:56:24,815 - root - test_result_elm2 - DEBUG : True
2018-10-07 21:56:24,815 - root - test_result_elm2 - DEBUG : False
2018-10-07 21:56:24,816 - root - test_result_elm2 - DEBUG : False
2018-10-07 21:56:24,816 - root - test_result_elm2 - DEBUG : ['Acethylation']
2018-10-07 21:56:24,816 - root - test_result_elm2 - DEBUG : human
2018-10-07 21:56:24,817 - root - test_result_elm2 - DEBUG : h
2018-10-07 21:56:24,817 - root - test_result_elm2 - DEBUG : ['BRCA']
2018-10-07 21:56:24,817 - root - test_result_elm2 - DEBUG : None
2018-10-07 21:56:24,817 - root - test_result_elm2 - DEBUG : only analysis elm file
2018-10-07 21:56:30,337 - root - test_result_elm2 - DEBUG : analysis complete.
2018-10-07 21:57:26,209 - root - test_result_elm2 - DEBUG : True
2018-10-07 21:57:26,391 - root - test_result_elm2 - DEBUG : False
2018-10-07 21:57:26,392 - root - test_result_elm2 - DEBUG : False
2018-10-07 21:57:26,392 - root - test_result_elm2 - DEBUG : ['Acethylation']
2018-10-07 21:57:26,392 - root - test_result_elm2 - DEBUG : human
2018-10-07 21:57:26,392 - root - test_result_elm2 - DEBUG : h
2018-10-07 21:57:26,392 - root - test_result_elm2 - DEBUG : ['BRCA']
2018-10-07 21:57:26,392 - root - test_result_elm2 - DEBUG : None
2018-10-07 21:57:26,392 - root - test_result_elm2 - DEBUG : only analysis elm file
2018-10-07 21:57:31,759 - root - test_result_elm2 - DEBUG : analysis complete.
2018-10-07 21:58:37,360 - root - test_result_elm2 - DEBUG : True
2018-10-07 21:58:37,360 - root - test_result_elm2 - DEBUG : False
2018-10-07 21:58:37,360 - root - test_result_elm2 - DEBUG : False
2018-10-07 21:58:37,360 - root - test_result_elm2 - DEBUG : ['Acethylation']
2018-10-07 21:58:37,361 - root - test_result_elm2 - DEBUG : human
2018-10-07 21:58:37,361 - root - test_result_elm2 - DEBUG : h
2018-10-07 21:58:37,361 - root - test_result_elm2 - DEBUG : ['BRCA']
2018-10-07 21:58:37,362 - root - test_result_elm2 - DEBUG : None
2018-10-07 21:58:37,362 - root - test_result_elm2 - DEBUG : only analysis elm file
2018-10-07 21:58:42,714 - root - test_result_elm2 - DEBUG : analysis complete.
2018-10-07 21:59:16,855 - root - test_result_elm2 - DEBUG : True
2018-10-07 21:59:16,855 - root - test_result_elm2 - DEBUG : False
2018-10-07 21:59:16,855 - root - test_result_elm2 - DEBUG : False
2018-10-07 21:59:16,855 - root - test_result_elm2 - DEBUG : ['Acethylation']
2018-10-07 21:59:16,855 - root - test_result_elm2 - DEBUG : human
2018-10-07 21:59:16,856 - root - test_result_elm2 - DEBUG : h
2018-10-07 21:59:16,856 - root - test_result_elm2 - DEBUG : ['BRCA']
2018-10-07 21:59:16,856 - root - test_result_elm2 - DEBUG : None
2018-10-07 21:59:16,856 - root - test_result_elm2 - DEBUG : only analysis elm file
2018-10-07 21:59:22,344 - root - test_result_elm2 - DEBUG : analysis complete.
2018-10-07 21:59:26,124 - root - test_result_elm2 - DEBUG : True
2018-10-07 21:59:26,124 - root - test_result_elm2 - DEBUG : False
2018-10-07 21:59:26,124 - root - test_result_elm2 - DEBUG : False
2018-10-07 21:59:26,124 - root - test_result_elm2 - DEBUG : ['Acethylation']
2018-10-07 21:59:26,124 - root - test_result_elm2 - DEBUG : human
2018-10-07 21:59:26,124 - root - test_result_elm2 - DEBUG : h
2018-10-07 21:59:26,125 - root - test_result_elm2 - DEBUG : ['BRCA']
2018-10-07 21:59:26,125 - root - test_result_elm2 - DEBUG : None
2018-10-07 21:59:26,125 - root - test_result_elm2 - DEBUG : only analysis elm file
2018-10-07 21:59:31,469 - root - test_result_elm2 - DEBUG : analysis complete.
2018-10-07 22:01:02,687 - root - test_result_elm2 - DEBUG : True
2018-10-07 22:01:02,687 - root - test_result_elm2 - DEBUG : False
2018-10-07 22:01:02,687 - root - test_result_elm2 - DEBUG : False
2018-10-07 22:01:02,687 - root - test_result_elm2 - DEBUG : ['Acethylation']
2018-10-07 22:01:02,688 - root - test_result_elm2 - DEBUG : human
2018-10-07 22:01:02,688 - root - test_result_elm2 - DEBUG : h
2018-10-07 22:01:02,688 - root - test_result_elm2 - DEBUG : ['BRCA']
2018-10-07 22:01:02,688 - root - test_result_elm2 - DEBUG : None
2018-10-07 22:01:02,688 - root - test_result_elm2 - DEBUG : only analysis elm file
2018-10-07 22:01:08,060 - root - test_result_elm2 - DEBUG : analysis complete.
2018-10-07 22:01:46,769 - root - test_result_elm2 - DEBUG : True
2018-10-07 22:01:46,769 - root - test_result_elm2 - DEBUG : False
2018-10-07 22:01:46,769 - root - test_result_elm2 - DEBUG : False
2018-10-07 22:01:46,769 - root - test_result_elm2 - DEBUG : ['Acethylation']
2018-10-07 22:01:46,769 - root - test_result_elm2 - DEBUG : human
2018-10-07 22:01:46,769 - root - test_result_elm2 - DEBUG : h
2018-10-07 22:01:46,769 - root - test_result_elm2 - DEBUG : ['BRCA']
2018-10-07 22:01:46,769 - root - test_result_elm2 - DEBUG : None
2018-10-07 22:01:46,769 - root - test_result_elm2 - DEBUG : only analysis elm file
2018-10-07 22:01:52,188 - root - test_result_elm2 - DEBUG : analysis complete.
2018-10-07 22:03:46,522 - root - test_result_elm2 - DEBUG : True
2018-10-07 22:03:46,522 - root - test_result_elm2 - DEBUG : False
2018-10-07 22:03:46,522 - root - test_result_elm2 - DEBUG : False
2018-10-07 22:03:46,522 - root - test_result_elm2 - DEBUG : ['Acethylation']
2018-10-07 22:03:46,522 - root - test_result_elm2 - DEBUG : human
2018-10-07 22:03:46,522 - root - test_result_elm2 - DEBUG : h
2018-10-07 22:03:46,522 - root - test_result_elm2 - DEBUG : ['BRCA']
2018-10-07 22:03:46,522 - root - test_result_elm2 - DEBUG : None
2018-10-07 22:03:46,523 - root - test_result_elm2 - DEBUG : only analysis elm file
2018-10-07 22:03:51,922 - root - test_result_elm2 - DEBUG : analysis complete.
2018-10-07 22:36:07,507 - root - test_result_elm2 - DEBUG : True
2018-10-07 22:36:07,507 - root - test_result_elm2 - DEBUG : False
2018-10-07 22:36:07,507 - root - test_result_elm2 - DEBUG : False
2018-10-07 22:36:07,507 - root - test_result_elm2 - DEBUG : ['Acethylation']
2018-10-07 22:36:07,507 - root - test_result_elm2 - DEBUG : human
2018-10-07 22:36:07,508 - root - test_result_elm2 - DEBUG : h
2018-10-07 22:36:07,508 - root - test_result_elm2 - DEBUG : ['BRCA']
2018-10-07 22:36:07,508 - root - test_result_elm2 - DEBUG : None
2018-10-07 22:36:07,508 - root - test_result_elm2 - DEBUG : only analysis elm file
2018-10-07 22:36:12,994 - root - test_result_elm2 - DEBUG : analysis complete.
