2018-10-09 09:21:23,879 - root - test_result_elm2 - DEBUG : False
2018-10-09 09:21:23,879 - root - test_result_elm2 - DEBUG : True
2018-10-09 09:21:23,879 - root - test_result_elm2 - DEBUG : False
2018-10-09 09:21:23,880 - root - test_result_elm2 - DEBUG : ['Acethylation']
2018-10-09 09:21:23,880 - root - test_result_elm2 - DEBUG : human
2018-10-09 09:21:23,880 - root - test_result_elm2 - DEBUG : h
2018-10-09 09:21:23,880 - root - test_result_elm2 - DEBUG : ['BRCA']
2018-10-09 09:21:23,880 - root - test_result_elm2 - DEBUG : None
2018-10-09 09:21:23,880 - root - test_result_elm2 - DEBUG : analysis vcf file and ticjed modifications
2018-10-09 09:21:23,889 - root - annotate_for_vcf_and_tab - DEBUG : vcf to avinput, done
2018-10-09 09:21:23,944 - root - annotate_for_vcf_and_tab - ERROR : annovar error.
2018-10-09 09:21:46,593 - root - annotate_for_vcf_and_tab - ERROR : analysis interrupted
2018-10-09 09:22:37,325 - root - test_result_elm2 - DEBUG : False
2018-10-09 09:22:37,325 - root - test_result_elm2 - DEBUG : True
2018-10-09 09:22:37,325 - root - test_result_elm2 - DEBUG : False
2018-10-09 09:22:37,325 - root - test_result_elm2 - DEBUG : ['Acethylation']
2018-10-09 09:22:37,325 - root - test_result_elm2 - DEBUG : human
2018-10-09 09:22:37,325 - root - test_result_elm2 - DEBUG : h
2018-10-09 09:22:37,326 - root - test_result_elm2 - DEBUG : ['BRCA']
2018-10-09 09:22:37,326 - root - test_result_elm2 - DEBUG : None
2018-10-09 09:22:37,326 - root - test_result_elm2 - DEBUG : analysis vcf file and ticjed modifications
2018-10-09 09:22:37,329 - root - annotate_for_vcf_and_tab - DEBUG : vcf to avinput, done
2018-10-09 09:22:37,397 - root - annotate_for_vcf_and_tab - ERROR : annovar error.
2018-10-09 09:23:00,031 - root - annotate_for_vcf_and_tab - ERROR : analysis interrupted
