2018-10-09 21:11:18,688 - root - test_result_elm2 - DEBUG : True
2018-10-09 21:11:18,688 - root - test_result_elm2 - DEBUG : False
2018-10-09 21:11:18,689 - root - test_result_elm2 - DEBUG : False
2018-10-09 21:11:18,689 - root - test_result_elm2 - DEBUG : ['Acethylation']
2018-10-09 21:11:18,689 - root - test_result_elm2 - DEBUG : human
2018-10-09 21:11:18,689 - root - test_result_elm2 - DEBUG : h
2018-10-09 21:11:18,689 - root - test_result_elm2 - DEBUG : ['BRCA']
2018-10-09 21:11:18,689 - root - test_result_elm2 - DEBUG : None
2018-10-09 21:11:18,689 - root - test_result_elm2 - DEBUG : only analysis elm file
2018-10-09 21:11:24,295 - root - test_result_elm2 - DEBUG : analysis complete.
2018-10-09 21:12:55,462 - root - test_result_elm2 - DEBUG : True
2018-10-09 21:12:55,463 - root - test_result_elm2 - DEBUG : False
2018-10-09 21:12:55,463 - root - test_result_elm2 - DEBUG : False
2018-10-09 21:12:55,463 - root - test_result_elm2 - DEBUG : ['Acethylation']
2018-10-09 21:12:55,463 - root - test_result_elm2 - DEBUG : human
2018-10-09 21:12:55,463 - root - test_result_elm2 - DEBUG : h
2018-10-09 21:12:55,463 - root - test_result_elm2 - DEBUG : ['BRCA']
2018-10-09 21:12:55,463 - root - test_result_elm2 - DEBUG : None
2018-10-09 21:12:55,463 - root - test_result_elm2 - DEBUG : only analysis elm file
2018-10-09 21:13:00,880 - root - test_result_elm2 - DEBUG : analysis complete.
