2018-10-09 21:13:50,650 - root - test_result_elm2 - DEBUG : True
2018-10-09 21:13:50,650 - root - test_result_elm2 - DEBUG : False
2018-10-09 21:13:50,650 - root - test_result_elm2 - DEBUG : False
2018-10-09 21:13:50,650 - root - test_result_elm2 - DEBUG : ['Acethylation']
2018-10-09 21:13:50,650 - root - test_result_elm2 - DEBUG : human
2018-10-09 21:13:50,650 - root - test_result_elm2 - DEBUG : h
2018-10-09 21:13:50,651 - root - test_result_elm2 - DEBUG : ['BRCA']
2018-10-09 21:13:50,651 - root - test_result_elm2 - DEBUG : None
2018-10-09 21:13:50,651 - root - test_result_elm2 - DEBUG : only analysis elm file
2018-10-09 21:13:56,188 - root - test_result_elm2 - DEBUG : analysis complete.
2018-10-09 21:15:18,427 - root - test_result_elm2 - DEBUG : True
2018-10-09 21:15:18,428 - root - test_result_elm2 - DEBUG : False
2018-10-09 21:15:18,428 - root - test_result_elm2 - DEBUG : False
2018-10-09 21:15:18,428 - root - test_result_elm2 - DEBUG : ['Acethylation']
2018-10-09 21:15:18,428 - root - test_result_elm2 - DEBUG : human
2018-10-09 21:15:18,428 - root - test_result_elm2 - DEBUG : h
2018-10-09 21:15:18,428 - root - test_result_elm2 - DEBUG : ['BRCA']
2018-10-09 21:15:18,429 - root - test_result_elm2 - DEBUG : None
2018-10-09 21:15:18,429 - root - test_result_elm2 - DEBUG : only analysis elm file
2018-10-09 21:15:23,815 - root - test_result_elm2 - DEBUG : analysis complete.
2018-10-09 21:16:16,454 - root - test_result_elm2 - DEBUG : True
2018-10-09 21:16:16,454 - root - test_result_elm2 - DEBUG : False
2018-10-09 21:16:16,454 - root - test_result_elm2 - DEBUG : False
2018-10-09 21:16:16,454 - root - test_result_elm2 - DEBUG : ['Acethylation']
2018-10-09 21:16:16,455 - root - test_result_elm2 - DEBUG : human
2018-10-09 21:16:16,455 - root - test_result_elm2 - DEBUG : h
2018-10-09 21:16:16,455 - root - test_result_elm2 - DEBUG : ['BRCA']
2018-10-09 21:16:16,455 - root - test_result_elm2 - DEBUG : None
2018-10-09 21:16:16,455 - root - test_result_elm2 - DEBUG : only analysis elm file
2018-10-09 21:16:22,179 - root - test_result_elm2 - DEBUG : analysis complete.
2018-10-09 21:16:27,886 - root - test_result_elm2 - DEBUG : True
2018-10-09 21:16:27,887 - root - test_result_elm2 - DEBUG : False
2018-10-09 21:16:27,887 - root - test_result_elm2 - DEBUG : False
2018-10-09 21:16:27,887 - root - test_result_elm2 - DEBUG : ['Acethylation']
2018-10-09 21:16:27,888 - root - test_result_elm2 - DEBUG : human
2018-10-09 21:16:27,888 - root - test_result_elm2 - DEBUG : h
2018-10-09 21:16:27,888 - root - test_result_elm2 - DEBUG : ['BRCA']
2018-10-09 21:16:27,888 - root - test_result_elm2 - DEBUG : None
2018-10-09 21:16:27,888 - root - test_result_elm2 - DEBUG : only analysis elm file
2018-10-09 21:16:33,289 - root - test_result_elm2 - DEBUG : analysis complete.
2018-10-10 11:02:11,712 - root - test_result_elm2 - DEBUG : True
2018-10-10 11:02:11,713 - root - test_result_elm2 - DEBUG : False
2018-10-10 11:02:11,713 - root - test_result_elm2 - DEBUG : False
2018-10-10 11:02:11,713 - root - test_result_elm2 - DEBUG : ['Acethylation']
2018-10-10 11:02:11,713 - root - test_result_elm2 - DEBUG : human
2018-10-10 11:02:11,713 - root - test_result_elm2 - DEBUG : h
2018-10-10 11:02:11,713 - root - test_result_elm2 - DEBUG : ['BRCA']
2018-10-10 11:02:11,715 - root - test_result_elm2 - DEBUG : None
2018-10-10 11:02:11,715 - root - test_result_elm2 - DEBUG : only analysis elm file
2018-10-10 11:02:17,394 - root - test_result_elm2 - DEBUG : analysis complete.
2018-10-10 11:14:14,061 - root - test_result_elm2 - DEBUG : True
2018-10-10 11:14:14,061 - root - test_result_elm2 - DEBUG : False
2018-10-10 11:14:14,062 - root - test_result_elm2 - DEBUG : False
2018-10-10 11:14:14,062 - root - test_result_elm2 - DEBUG : ['Acethylation']
2018-10-10 11:14:14,062 - root - test_result_elm2 - DEBUG : human
2018-10-10 11:14:14,062 - root - test_result_elm2 - DEBUG : h
2018-10-10 11:14:14,062 - root - test_result_elm2 - DEBUG : ['BRCA']
2018-10-10 11:14:14,062 - root - test_result_elm2 - DEBUG : None
2018-10-10 11:14:14,063 - root - test_result_elm2 - DEBUG : only analysis elm file
2018-10-10 11:14:19,342 - root - test_result_elm2 - DEBUG : analysis complete.
2018-10-10 11:51:39,505 - root - test_result_elm2 - DEBUG : True
2018-10-10 11:51:39,505 - root - test_result_elm2 - DEBUG : False
2018-10-10 11:51:39,505 - root - test_result_elm2 - DEBUG : False
2018-10-10 11:51:39,505 - root - test_result_elm2 - DEBUG : ['Acethylation']
2018-10-10 11:51:39,505 - root - test_result_elm2 - DEBUG : human
2018-10-10 11:51:39,506 - root - test_result_elm2 - DEBUG : h
2018-10-10 11:51:39,506 - root - test_result_elm2 - DEBUG : ['BRCA']
2018-10-10 11:51:39,506 - root - test_result_elm2 - DEBUG : None
2018-10-10 11:51:39,506 - root - test_result_elm2 - DEBUG : only analysis elm file
2018-10-10 11:51:44,896 - root - test_result_elm2 - DEBUG : analysis complete.
2018-10-10 11:54:08,512 - root - test_result_elm2 - DEBUG : True
2018-10-10 11:54:08,512 - root - test_result_elm2 - DEBUG : False
2018-10-10 11:54:08,513 - root - test_result_elm2 - DEBUG : False
2018-10-10 11:54:08,513 - root - test_result_elm2 - DEBUG : ['Acethylation']
2018-10-10 11:54:08,513 - root - test_result_elm2 - DEBUG : human
2018-10-10 11:54:08,513 - root - test_result_elm2 - DEBUG : h
2018-10-10 11:54:08,513 - root - test_result_elm2 - DEBUG : ['BRCA']
2018-10-10 11:54:08,513 - root - test_result_elm2 - DEBUG : None
2018-10-10 11:54:08,513 - root - test_result_elm2 - DEBUG : only analysis elm file
2018-10-10 11:54:13,975 - root - test_result_elm2 - DEBUG : analysis complete.
